[INFO ] 2025-05-14 13:17:42.486 [main] MyStoreV1 - url opened
[INFO ] 2025-05-14 13:17:42.488 [main] MyStoreV1 - ***************TestCase VerifyLogin starts*****************
[INFO ] 2025-05-14 13:17:43.536 [main] MyStoreV1 - Clicked on sign in link
[INFO ] 2025-05-14 13:17:43.689 [main] MyStoreV1 - Entered email address
[INFO ] 2025-05-14 13:17:43.793 [main] MyStoreV1 - Entered password
[INFO ] 2025-05-14 13:17:44.847 [main] MyStoreV1 - Clicked on sign in link..
[INFO ] 2025-05-14 13:17:44.898 [main] MyStoreV1 - VerifyLogin - Passed
[INFO ] 2025-05-14 13:17:46.110 [main] MyStoreV1 - ***************TestCase Verify login ends*****************
[INFO ] 2025-05-14 13:17:52.955 [main] MyStoreV1 - url opened
[INFO ] 2025-05-14 13:17:52.956 [main] MyStoreV1 - ***************TestCase VerifyLogin starts*****************
[INFO ] 2025-05-14 13:17:54.359 [main] MyStoreV1 - Clicked on sign in link
[INFO ] 2025-05-14 13:17:54.468 [main] MyStoreV1 - Entered email address
[INFO ] 2025-05-14 13:17:54.547 [main] MyStoreV1 - Entered password
[INFO ] 2025-05-14 13:17:54.621 [main] MyStoreV1 - Clicked on sign in link..
[INFO ] 2025-05-14 13:17:55.917 [main] MyStoreV1 - VerifyLogin - Passed
[INFO ] 2025-05-14 13:17:56.923 [main] MyStoreV1 - ***************TestCase Verify login ends*****************
[INFO ] 2025-05-14 13:20:33.099 [main] MyStoreV1 - url opened
[INFO ] 2025-05-14 13:20:33.102 [main] MyStoreV1 - ***************TestCase VerifyLogin starts*****************
[INFO ] 2025-05-14 13:20:33.997 [main] MyStoreV1 - Clicked on sign in link
[INFO ] 2025-05-14 13:20:34.106 [main] MyStoreV1 - Entered email address
[INFO ] 2025-05-14 13:20:34.180 [main] MyStoreV1 - Entered password
[INFO ] 2025-05-14 13:20:35.039 [main] MyStoreV1 - Clicked on sign in link..
[INFO ] 2025-05-14 13:20:35.095 [main] MyStoreV1 - VerifyLogin - Passed
[INFO ] 2025-05-14 13:20:35.991 [main] MyStoreV1 - ***************TestCase Verify login ends*****************
[INFO ] 2025-05-14 13:20:41.632 [main] MyStoreV1 - url opened
[INFO ] 2025-05-14 13:20:41.632 [main] MyStoreV1 - ***************TestCase VerifyLogin starts*****************
[INFO ] 2025-05-14 13:20:42.466 [main] MyStoreV1 - Clicked on sign in link
[INFO ] 2025-05-14 13:20:42.552 [main] MyStoreV1 - Entered email address
[INFO ] 2025-05-14 13:20:42.611 [main] MyStoreV1 - Entered password
[INFO ] 2025-05-14 13:20:43.502 [main] MyStoreV1 - Clicked on sign in link..
[INFO ] 2025-05-14 13:20:43.523 [main] MyStoreV1 - VerifyLogin - Failed
[INFO ] 2025-05-14 17:31:28.101 [main] MyStoreV1 - url opened
[INFO ] 2025-05-14 17:31:28.105 [main] MyStoreV1 - ***************TestCase VerifyLogin starts*****************
[INFO ] 2025-05-14 17:31:29.578 [main] MyStoreV1 - Clicked on sign in link
[INFO ] 2025-05-14 17:31:29.669 [main] MyStoreV1 - Entered email address
[INFO ] 2025-05-14 17:31:29.738 [main] MyStoreV1 - Entered password
[INFO ] 2025-05-14 17:31:29.800 [main] MyStoreV1 - Clicked on sign in link..
[INFO ] 2025-05-14 17:31:30.876 [main] MyStoreV1 - VerifyLogin - Passed
[INFO ] 2025-05-14 17:31:32.103 [main] MyStoreV1 - ***************TestCase Verify login ends*****************
[INFO ] 2025-05-14 17:31:37.858 [main] MyStoreV1 - url opened
[INFO ] 2025-05-14 17:31:37.859 [main] MyStoreV1 - ***************TestCase VerifyLogin starts*****************
[INFO ] 2025-05-14 17:31:39.000 [main] MyStoreV1 - Clicked on sign in link
[INFO ] 2025-05-14 17:31:39.082 [main] MyStoreV1 - Entered email address
[INFO ] 2025-05-14 17:31:39.148 [main] MyStoreV1 - Entered password
[INFO ] 2025-05-14 17:31:40.147 [main] MyStoreV1 - Clicked on sign in link..
[INFO ] 2025-05-14 17:31:40.172 [main] MyStoreV1 - VerifyLogin - Failed
[INFO ] 2025-05-14 17:34:42.788 [main] MyStoreV1 - url opened
[INFO ] 2025-05-14 17:34:42.791 [main] MyStoreV1 - ***************TestCase VerifyLogin starts*****************
[INFO ] 2025-05-14 17:34:44.143 [main] MyStoreV1 - Clicked on sign in link
[INFO ] 2025-05-14 17:34:44.249 [main] MyStoreV1 - Entered email address
[INFO ] 2025-05-14 17:34:44.316 [main] MyStoreV1 - Entered password
[INFO ] 2025-05-14 17:34:44.382 [main] MyStoreV1 - Clicked on sign in link..
[INFO ] 2025-05-14 17:34:45.584 [main] MyStoreV1 - VerifyLogin - Passed
[INFO ] 2025-05-14 17:34:46.738 [main] MyStoreV1 - ***************TestCase Verify login ends*****************
[INFO ] 2025-05-14 17:34:52.592 [main] MyStoreV1 - url opened
[INFO ] 2025-05-14 17:34:52.592 [main] MyStoreV1 - ***************TestCase VerifyLogin starts*****************
[INFO ] 2025-05-14 17:34:53.753 [main] MyStoreV1 - Clicked on sign in link
[INFO ] 2025-05-14 17:34:53.843 [main] MyStoreV1 - Entered email address
[INFO ] 2025-05-14 17:34:53.901 [main] MyStoreV1 - Entered password
[INFO ] 2025-05-14 17:34:53.962 [main] MyStoreV1 - Clicked on sign in link..
[INFO ] 2025-05-14 17:34:54.923 [main] MyStoreV1 - VerifyLogin - Passed
[INFO ] 2025-05-14 17:34:55.991 [main] MyStoreV1 - ***************TestCase Verify login ends*****************
[INFO ] 2025-05-14 18:32:38.650 [main] MyStoreV1 - url opened
[INFO ] 2025-05-14 18:32:38.654 [main] MyStoreV1 - ***************TestCase VerifyLogin starts*****************
[INFO ] 2025-05-14 18:32:39.815 [main] MyStoreV1 - Clicked on sign in link
[INFO ] 2025-05-14 18:32:39.910 [main] MyStoreV1 - Entered email address
[INFO ] 2025-05-14 18:32:39.973 [main] MyStoreV1 - Entered password
[INFO ] 2025-05-14 18:32:40.036 [main] MyStoreV1 - Clicked on sign in link..
[INFO ] 2025-05-14 18:32:40.891 [main] MyStoreV1 - VerifyLogin - Passed
[INFO ] 2025-05-14 18:32:41.910 [main] MyStoreV1 - ***************TestCase Verify login ends*****************
[INFO ] 2025-05-14 18:32:47.493 [main] MyStoreV1 - url opened
[INFO ] 2025-05-14 18:32:47.493 [main] MyStoreV1 - ***************TestCase VerifyLogin starts*****************
[INFO ] 2025-05-14 18:32:48.495 [main] MyStoreV1 - Clicked on sign in link
[INFO ] 2025-05-14 18:32:48.591 [main] MyStoreV1 - Entered email address
[INFO ] 2025-05-14 18:32:48.670 [main] MyStoreV1 - Entered password
[INFO ] 2025-05-14 18:32:49.725 [main] MyStoreV1 - Clicked on sign in link..
[INFO ] 2025-05-14 18:32:49.757 [main] MyStoreV1 - VerifyLogin - Passed
[INFO ] 2025-05-14 18:32:50.700 [main] MyStoreV1 - ***************TestCase Verify login ends*****************
[INFO ] 2025-05-14 22:18:15.443 [main] MyStoreV1 - url opened
[INFO ] 2025-05-14 22:18:15.448 [main] MyStoreV1 - ***************TestCase VerifyLogin starts*****************
[INFO ] 2025-05-14 22:18:16.593 [main] MyStoreV1 - Clicked on sign in link
[INFO ] 2025-05-14 22:18:16.748 [main] MyStoreV1 - Entered email address
[INFO ] 2025-05-14 22:18:16.867 [main] MyStoreV1 - Entered password
[INFO ] 2025-05-14 22:18:18.297 [main] MyStoreV1 - Clicked on sign in link..
[INFO ] 2025-05-14 22:18:18.341 [main] MyStoreV1 - VerifyLogin - Passed
[INFO ] 2025-05-14 22:18:19.641 [main] MyStoreV1 - ***************TestCase Verify login ends*****************
[INFO ] 2025-05-14 22:18:26.082 [main] MyStoreV1 - url opened
[INFO ] 2025-05-14 22:18:26.082 [main] MyStoreV1 - ***************TestCase VerifyLogin starts*****************
[INFO ] 2025-05-14 22:18:27.657 [main] MyStoreV1 - Clicked on sign in link
[INFO ] 2025-05-14 22:18:27.759 [main] MyStoreV1 - Entered email address
[INFO ] 2025-05-14 22:18:27.849 [main] MyStoreV1 - Entered password
[INFO ] 2025-05-14 22:18:27.948 [main] MyStoreV1 - Clicked on sign in link..
[INFO ] 2025-05-14 22:18:28.997 [main] MyStoreV1 - VerifyLogin - Passed
[INFO ] 2025-05-14 22:18:30.198 [main] MyStoreV1 - ***************TestCase Verify login ends*****************
[INFO ] 2025-05-14 23:12:48.692 [main] MyStoreV1 - url opened
[INFO ] 2025-05-14 23:12:48.700 [main] MyStoreV1 - ***************TestCase VerifyLogin starts*****************
[INFO ] 2025-05-14 23:12:50.039 [main] MyStoreV1 - Clicked on sign in link
[INFO ] 2025-05-14 23:12:50.170 [main] MyStoreV1 - Entered email address
[INFO ] 2025-05-14 23:12:50.263 [main] MyStoreV1 - Entered password
[INFO ] 2025-05-14 23:12:50.384 [main] MyStoreV1 - Clicked on sign in link..
[INFO ] 2025-05-14 23:12:51.422 [main] MyStoreV1 - VerifyLogin - Passed
[INFO ] 2025-05-14 23:12:52.544 [main] MyStoreV1 - ***************TestCase Verify login ends*****************
[INFO ] 2025-05-14 23:13:00.023 [main] MyStoreV1 - url opened
[INFO ] 2025-05-14 23:13:00.023 [main] MyStoreV1 - ***************TestCase VerifyLogin starts*****************
[INFO ] 2025-05-14 23:13:01.156 [main] MyStoreV1 - Clicked on sign in link
[INFO ] 2025-05-14 23:13:01.273 [main] MyStoreV1 - Entered email address
[INFO ] 2025-05-14 23:13:01.363 [main] MyStoreV1 - Entered password
[INFO ] 2025-05-14 23:13:01.468 [main] MyStoreV1 - Clicked on sign in link..
[INFO ] 2025-05-14 23:13:02.596 [main] MyStoreV1 - VerifyLogin - Passed
[INFO ] 2025-05-14 23:13:03.688 [main] MyStoreV1 - ***************TestCase Verify login ends*****************
[INFO ] 2025-05-14 23:36:27.873 [main] MyStoreV1 - url opened
[INFO ] 2025-05-14 23:36:27.873 [main] MyStoreV1 - ***************TestCase VerifyLogin starts*****************
[INFO ] 2025-05-14 23:36:29.059 [main] MyStoreV1 - Clicked on sign in link
[INFO ] 2025-05-14 23:36:29.221 [main] MyStoreV1 - Entered email address
[INFO ] 2025-05-14 23:36:29.320 [main] MyStoreV1 - Entered password
[INFO ] 2025-05-14 23:36:30.392 [main] MyStoreV1 - Clicked on sign in link..
[INFO ] 2025-05-14 23:36:30.455 [main] MyStoreV1 - VerifyLogin - Passed
[INFO ] 2025-05-14 23:36:31.633 [main] MyStoreV1 - ***************TestCase Verify login ends*****************
[INFO ] 2025-05-14 23:36:38.164 [main] MyStoreV1 - url opened
[INFO ] 2025-05-14 23:36:38.164 [main] MyStoreV1 - ***************TestCase VerifyLogin starts*****************
[INFO ] 2025-05-14 23:36:39.532 [main] MyStoreV1 - Clicked on sign in link
[INFO ] 2025-05-14 23:36:39.693 [main] MyStoreV1 - Entered email address
[INFO ] 2025-05-14 23:36:39.803 [main] MyStoreV1 - Entered password
[INFO ] 2025-05-14 23:36:40.907 [main] MyStoreV1 - Clicked on sign in link..
[INFO ] 2025-05-14 23:36:40.946 [main] MyStoreV1 - VerifyLogin - Passed
[INFO ] 2025-05-14 23:36:42.059 [main] MyStoreV1 - ***************TestCase Verify login ends*****************
[INFO ] 2025-05-14 23:38:45.494 [main] MyStoreV1 - url opened
[INFO ] 2025-05-14 23:38:45.496 [main] MyStoreV1 - ***************TestCase VerifyLogin starts*****************
[INFO ] 2025-05-14 23:38:46.560 [main] MyStoreV1 - Clicked on sign in link
[INFO ] 2025-05-14 23:38:46.661 [main] MyStoreV1 - Entered email address
[INFO ] 2025-05-14 23:38:46.743 [main] MyStoreV1 - Entered password
[INFO ] 2025-05-14 23:38:46.849 [main] MyStoreV1 - Clicked on sign in link..
[INFO ] 2025-05-14 23:38:48.204 [main] MyStoreV1 - VerifyLogin - Passed
[INFO ] 2025-05-14 23:38:49.407 [main] MyStoreV1 - ***************TestCase Verify login ends*****************
[INFO ] 2025-05-14 23:38:51.624 [main] MyStoreV1 - url opened
[INFO ] 2025-05-14 23:38:51.624 [main] MyStoreV1 - ***************TestCase VerifyLogin starts*****************
[INFO ] 2025-05-14 23:38:56.075 [main] MyStoreV1 - Clicked on sign in link
[INFO ] 2025-05-14 23:38:56.194 [main] MyStoreV1 - Entered email address
[INFO ] 2025-05-14 23:38:56.295 [main] MyStoreV1 - Entered password
[INFO ] 2025-05-14 23:38:56.382 [main] MyStoreV1 - Clicked on sign in link..
[INFO ] 2025-05-14 23:38:57.309 [main] MyStoreV1 - VerifyLogin - Passed
[INFO ] 2025-05-14 23:38:58.449 [main] MyStoreV1 - ***************TestCase Verify login ends*****************
[INFO ] 2025-05-14 23:40:48.739 [main] MyStoreV1 - url opened
[INFO ] 2025-05-14 23:40:48.739 [main] MyStoreV1 - ***************TestCase VerifyLogin starts*****************
[INFO ] 2025-05-14 23:40:49.830 [main] MyStoreV1 - Clicked on sign in link
[INFO ] 2025-05-14 23:40:49.936 [main] MyStoreV1 - Entered email address
[INFO ] 2025-05-14 23:40:50.019 [main] MyStoreV1 - Entered password
[INFO ] 2025-05-14 23:40:50.117 [main] MyStoreV1 - Clicked on sign in link..
[INFO ] 2025-05-14 23:40:51.261 [main] MyStoreV1 - VerifyLogin - Passed
[INFO ] 2025-05-14 23:40:52.422 [main] MyStoreV1 - ***************TestCase Verify login ends*****************
[INFO ] 2025-05-14 23:40:57.423 [main] MyStoreV1 - url opened
[INFO ] 2025-05-14 23:40:57.423 [main] MyStoreV1 - ***************TestCase VerifyLogin starts*****************
[INFO ] 2025-05-14 23:40:58.833 [main] MyStoreV1 - Clicked on sign in link
[INFO ] 2025-05-14 23:40:58.962 [main] MyStoreV1 - Entered email address
[INFO ] 2025-05-14 23:40:59.067 [main] MyStoreV1 - Entered password
[INFO ] 2025-05-14 23:40:59.173 [main] MyStoreV1 - Clicked on sign in link..
[INFO ] 2025-05-14 23:41:00.284 [main] MyStoreV1 - VerifyLogin - Passed
[INFO ] 2025-05-14 23:41:01.486 [main] MyStoreV1 - ***************TestCase Verify login ends*****************
[INFO ] 2025-05-15 14:46:29.482 [main] MyStoreV1 - url opened
[INFO ] 2025-05-15 14:46:29.485 [main] MyStoreV1 - ***************TestCase Verify Login starts*****************
[INFO ] 2025-05-15 14:46:30.709 [main] MyStoreV1 - Clicked on sign in link
[INFO ] 2025-05-15 14:46:30.806 [main] MyStoreV1 - Entered email address
[INFO ] 2025-05-15 14:46:30.867 [main] MyStoreV1 - Entered password
[INFO ] 2025-05-15 14:46:30.926 [main] MyStoreV1 - Clicked on sign in link..
[INFO ] 2025-05-15 14:46:31.908 [main] MyStoreV1 - VerifyLogin - Passed
[INFO ] 2025-05-15 14:46:38.230 [main] MyStoreV1 - url opened
[INFO ] 2025-05-15 14:46:38.231 [main] MyStoreV1 - ***************TestCase Verify Login starts*****************
[INFO ] 2025-05-15 14:46:39.406 [main] MyStoreV1 - Clicked on sign in link
[INFO ] 2025-05-15 14:46:39.490 [main] MyStoreV1 - Entered email address
[INFO ] 2025-05-15 14:46:39.559 [main] MyStoreV1 - Entered password
[INFO ] 2025-05-15 14:46:39.629 [main] MyStoreV1 - Clicked on sign in link..
[INFO ] 2025-05-15 14:46:41.061 [main] MyStoreV1 - VerifyLogin - Passed
